Bot connecté LFEBot#1498
Je suis membre de  4 Serveurs
Testbot index Fonction RoleList 
Appel a la fonction ListOfMemberByRole
IceThunder Appel a la fonction ListOfMembersByRole
Appel a la fonction Member 
Bot connecté LFEBot#1498
Je suis membre de  4 Serveurs
Bot connecté LFEBot#1498
Je suis membre de  4 Serveurs
Bot connecté LFEBot#1498
Je suis membre de  4 Serveurs
Bot connecté LFEBot#1498
Je suis membre de  4 Serveurs
Bot connecté LFEBot#1498
Je suis membre de  4 Serveurs
Bot connecté LFEBot#1498
Je suis membre de  4 Serveurs
Bot connecté LFEBot#1498
Bot connecté LFEBot#1498
Bot connecté LFEBot#1498
Bot connecté LFEBot#1498
Bot connecté LFEBot#1498
Bot connecté LFEBot#1498
Bot connecté LFEBot#1498
Bot connecté LFEBot#1498
Bot connecté LFEBot#1498
Bot connecté LFEBot#1498
Bot connecté LFEBot#1498
Bot connecté LFEBot#1498
Bot connecté LFEBot#1498
Bot connecté LFEBot#1498
Bot connecté LFEBot#1498
Bot connecté LFEBot#1498
Bot connecté LFEBot#1498
Bot connecté LFEBot#1498
Bot connecté LFEBot#1498
Bot connecté LFEBot#1498
Bot connecté LFEBot#1498
